2025-11-02 18:11:41,436 - INFO - Starting crawl with 4 seed URLs
2025-11-02 18:11:41,436 - INFO - Crawling (1/50): https://www.kaggle.com/discussions
2025-11-02 18:11:43,965 - INFO - Crawling (2/50): https://paperswithcode.com
2025-11-02 18:11:49,546 - INFO - Crawling (3/50): https://huggingface.co/blog
2025-11-02 18:11:53,283 - INFO - Crawling (4/50): https://ai.googleblog.com
2025-11-02 18:12:02,421 - INFO - Crawling (5/50): https://paperswithcode.com/papers/2510.23607
2025-11-02 18:12:07,657 - INFO - Crawling (6/50): https://arxiv.org/abs/2410.17799
2025-11-02 18:12:09,870 - INFO - Crawling (7/50): https://paperswithcode.com/papers/2510.21682
2025-11-02 18:12:14,679 - INFO - Crawling (8/50): https://paperswithcode.com/papers/2510.14528
2025-11-02 18:12:20,069 - INFO - Crawling (9/50): https://paperswithcode.com/papers/2509.13310
2025-11-02 18:12:25,590 - INFO - Crawling (10/50): https://paperswithcode.com/papers/2506.07634
2025-11-02 18:12:31,621 - INFO - Crawling (11/50): https://paperswithcode.com/Pointcept
2025-11-02 18:12:36,138 - INFO - Crawling (12/50): https://paperswithcode.com/papers/2510.16872
2025-11-02 18:12:43,334 - INFO - Crawling (13/50): https://paperswithcode.com/login?next=%2Fpapers%2F2510.21618
2025-11-02 18:12:47,529 - INFO - Crawling (14/50): https://arxiv.org/abs/2412.20138
2025-11-02 18:12:49,717 - INFO - Crawling (15/50): https://paperswithcode.com/login?next=%2Fpapers%2F2510.15821
2025-11-02 18:12:53,402 - INFO - Crawling (16/50): https://paperswithcode.com/login?next=%2Fpapers%2F2510.25726
2025-11-02 18:12:57,698 - INFO - Crawling (17/50): https://paperswithcode.com/login?next=%2Fpapers%2F2510.21682
2025-11-02 18:13:02,775 - INFO - Crawling (18/50): https://arxiv.org/abs/2506.07634
2025-11-02 18:13:05,130 - INFO - Crawling (19/50): https://arxiv.org/abs/2509.13310
2025-11-02 18:13:07,396 - INFO - Crawling (20/50): https://arxiv.org/abs/2510.02250
2025-11-02 18:13:09,493 - INFO - Crawling (21/50): https://arxiv.org/abs/2510.23564
2025-11-02 18:13:11,813 - INFO - Crawling (22/50): https://arxiv.org/abs/2510.12323
2025-11-02 18:13:13,870 - INFO - Crawling (23/50): https://arxiv.org/abs/2509.09372
2025-11-02 18:13:15,988 - INFO - Crawling (24/50): https://paperswithcode.com/login?next=%2Fpapers%2F2403.13372
2025-11-02 18:13:20,318 - INFO - Crawling (25/50): https://paperswithcode.com/models
2025-11-02 18:13:24,331 - INFO - Crawling (26/50): https://paperswithcode.com/PokeeAI
2025-11-02 18:13:28,021 - INFO - Crawling (27/50): https://paperswithcode.com/login?next=%2Fpapers%2F2509.13305
2025-11-02 18:13:32,015 - INFO - Crawling (28/50): https://paperswithcode.com/papers/2509.09372
2025-11-02 18:13:36,533 - INFO - Crawling (29/50): https://paperswithcode.com/datasets
2025-11-02 18:13:40,857 - INFO - Crawling (30/50): https://paperswithcode.com/login?next=%2Fpapers%2F2501.13956
2025-11-02 18:13:45,558 - INFO - Crawling (31/50): https://paperswithcode.com/papers/2510.21614
2025-11-02 18:13:50,119 - INFO - Crawling (32/50): https://paperswithcode.com/papers/2502.18443
2025-11-02 18:13:55,225 - INFO - Crawling (33/50): https://paperswithcode.com/login?next=%2Fpapers%2F2509.22186
2025-11-02 18:14:00,145 - INFO - Crawling (34/50): https://paperswithcode.com/login?next=%2Fpapers%2F2006.15704
2025-11-02 18:14:05,893 - INFO - Crawling (35/50): https://paperswithcode.com/papers/2510.23587
2025-11-02 18:14:10,585 - INFO - Crawling (36/50): https://arxiv.org/abs/2507.15061
2025-11-02 18:14:13,059 - INFO - Crawling (37/50): https://paperswithcode.com/papers/2507.15061
2025-11-02 18:14:18,328 - INFO - Crawling (38/50): https://paperswithcode.com/papers/2510.06710
2025-11-02 18:14:23,083 - INFO - Crawling (39/50): https://paperswithcode.com/papers/2510.26140
2025-11-02 18:14:27,527 - INFO - Crawling (40/50): https://paperswithcode.com/papers/2006.15704
2025-11-02 18:14:33,258 - INFO - Crawling (41/50): https://paperswithcode.com/login?next=%2Fpapers%2F2504.00906
2025-11-02 18:14:38,370 - INFO - Crawling (42/50): https://paperswithcode.com/login?next=%2Fpapers%2F2505.22648
2025-11-02 18:14:43,315 - INFO - Crawling (43/50): https://paperswithcode.com/papers/2505.22648
2025-11-02 18:14:47,872 - INFO - Crawling (44/50): https://arxiv.org/abs/2504.10479
2025-11-02 18:14:50,344 - INFO - Crawling (45/50): https://arxiv.org/abs/2304.11277
2025-11-02 18:14:53,033 - INFO - Crawling (46/50): https://paperswithcode.com/papers
2025-11-02 18:14:59,219 - INFO - Crawling (47/50): https://paperswithcode.com/papers/2510.23473
2025-11-02 18:15:04,176 - INFO - Crawling (48/50): https://paperswithcode.com/login?next=%2Fpapers%2F2510.14528
2025-11-02 18:15:10,467 - INFO - Crawling (49/50): https://arxiv.org/abs/2510.14528
2025-11-02 18:15:12,723 - INFO - Crawling (50/50): https://paperswithcode.com/login?next=%2Fpapers%2F2509.13310
2025-11-02 18:15:17,212 - INFO - Crawling completed. Total pages: 50
